<?xml version="1.0" encoding="UTF-8"?>
<!-- Generated by org.testng.reporters.JUnitReportReporter -->
<testsuite hostname="DESKTOP-FEH0GFE" failures="0" tests="2" name="maven.Epiphanie_Tutoring.Login" time="10.588" errors="0" timestamp="2021-09-12T16:31:20 EET" skipped="0">
  <testcase classname="maven.Epiphanie_Tutoring.Login" name="login" time="7.154"/>
  <system-out/>
  <testcase classname="maven.Epiphanie_Tutoring.Login" name="open_edit_profile_page" time="3.434"/>
  <system-out/>
</testsuite> <!-- maven.Epiphanie_Tutoring.Login -->
